<?xml version="1.0" encoding="UTF-8"?>
<!-- Generated by org.testng.reporters.JUnitXMLReporter -->
<testsuite ignored="0" hostname="LAPTOP-2EUUN60H" failures="0" tests="3" name="Default test" time="2.337" errors="0" timestamp="2024-06-25T22:19:57 IST">
  <testcase classname="files.DynamicJson" name="addBook" time="1.97"/>
  <testcase classname="files.DynamicJson" name="addBook" time="0.173"/>
  <testcase classname="files.DynamicJson" name="addBook" time="0.138"/>
</testsuite> <!-- Default test -->
