<?xml version="1.0" encoding="UTF-8"?>
<testng-results ignored="0" total="1" passed="1" failed="0" skipped="0">
  <reporter-output>
  </reporter-output>
  <suite started-at="2024-06-24T22:05:24 IST" name="Default suite" finished-at="2024-06-24T22:05:25 IST" duration-ms="1566">
    <groups>
    </groups>
    <test started-at="2024-06-24T22:05:24 IST" name="Default test" finished-at="2024-06-24T22:05:25 IST" duration-ms="1566">
      <class name="com.RestAssuredUdemyRS.SumValidation">
        <test-method signature="sumOfCourses()[pri:0, instance:com.RestAssuredUdemyRS.SumValidation@4bd1f8dd]" started-at="2024-06-24T22:05:24 IST" name="sumOfCourses" finished-at="2024-06-24T22:05:25 IST" duration-ms="1509" status="PASS">
          <reporter-output>
          </reporter-output>
        </test-method> <!-- sumOfCourses -->
      </class> <!-- com.RestAssuredUdemyRS.SumValidation -->
    </test> <!-- Default test -->
  </suite> <!-- Default suite -->
</testng-results>
